#
# A fatal error has been detected by the Java Runtime Environment:
#
#  EXCEPTION_ACCESS_VIOLATION (0xc0000005) at pc=0x00007ffd37d8be53, pid=16336, tid=6076
#
# JRE version:  (11.0.18+9) (build )
# Java VM: Java HotSpot(TM) 64-Bit Server VM (11.0.18+9-LTS-195, mixed mode, sharing, tiered, compressed oops, g1 gc, windows-amd64)
# Problematic frame:
# V  [jvm.dll+0x1dbe53]
#
# No core dump will be written. Minidumps are not enabled by default on client versions of Windows
#
#

---------------  S U M M A R Y ------------

Command Line: -Dfile.encoding=UTF-8 -Dcom.android.sdklib.toolsdir=C:\Users\user\AppData\Local\Android\Sdk\cmdline-tools\6.0\bin\\.. com.android.sdklib.tool.sdkmanager.SdkManagerCli --list

Host: AMD Ryzen 5 5500U with Radeon Graphics         , 12 cores, 15G,  Windows 10 , 64 bit Build 19041 (10.0.19041.3570)
Time: Tue Nov  7 12:08:02 2023  Windows 10 , 64 bit Build 19041 (10.0.19041.3570) elapsed time: 0.007947 seconds (0d 0h 0m 0s)

---------------  T H R E A D  ---------------

Current thread (0x00000256a6120800):  JavaThread "Unknown thread" [_thread_in_vm, id=6076, stack(0x000000ce99e00000,0x000000ce99f00000)]

Stack: [0x000000ce99e00000,0x000000ce99f00000],  sp=0x000000ce99eff040,  free space=1020k
Native frames: (J=compiled Java code, j=interpreted, Vv=VM code, C=native code)
V  [jvm.dll+0x1dbe53]
V  [jvm.dll+0x1da003]
V  [jvm.dll+0x36bb3b]
V  [jvm.dll+0x75dd4f]
V  [jvm.dll+0x3dd5b7]
V  [jvm.dll+0x3df661]
C  [jli.dll+0x52e7]
C  [ucrtbase.dll+0x21bb2]
C  [KERNEL32.DLL+0x17344]
C  [ntdll.dll+0x526b1]


siginfo: EXCEPTION_ACCESS_VIOLATION (0xc0000005), reading address 0x0000000000000000


Registers:
RAX=0x000009f754e23d57, RBX=0x0000000000000000, RCX=0x0000000000000000, RDX=0x0000000000000000
RSP=0x000000ce99eff040, RBP=0x0000000000000000, RSI=0x00000256a6120800, RDI=0x0000000000000000
R8 =0x0000000000000000, R9 =0x0000000000000000, R10=0x0000000000000000, R11=0x000000ce99efedf0
R12=0x0000000000000000, R13=0x00007ffd381b8f30, R14=0x000000ce99effd58, R15=0x0000000000000008
RIP=0x00007ffd37d8be53, EFLAGS=0x0000000000010256

Top of Stack: (sp=0x000000ce99eff040)
0x000000ce99eff040:   00000256a405aa70 00007ffdcef4e6b0
0x000000ce99eff050:   0000000000000008 000000ce99effd58
0x000000ce99eff060:   0000000000000000 0000000000000400
0x000000ce99eff070:   0000bae975c18a24 00007ffd381b8f30
0x000000ce99eff080:   000000ce99eff560 0000000000000008
0x000000ce99eff090:   000000ce99effd58 00007ffd381b8f30
0x000000ce99eff0a0:   0000000000000000 00007ffd6bfd0000
0x000000ce99eff0b0:   00007ffd38436990 0000000000000000
0x000000ce99eff0c0:   00007ffd37d89eaa 00007ffdcef8189c
0x000000ce99eff0d0:   0000000000000000 00007ffd38234503
0x000000ce99eff0e0:   000009f754e23d57 00007ffd381b8f30
0x000000ce99eff0f0:   0000000000000000 00007ffd381b8f30
0x000000ce99eff100:   00000256a6120800 000000ce99eff220
0x000000ce99eff110:   00000256a4054ae0 00007ffd37d8a003
0x000000ce99eff120:   00007ffdae290000 00007ffd6bfdd1a0
0x000000ce99eff130:   000000ce99eff220 00000256a6120800 

Instructions: (pc=0x00007ffd37d8be53)
0x00007ffd37d8be33:   00 48 33 c4 48 89 84 24 a0 00 00 00 48 8b e9 48
0x00007ffd37d8be43:   c7 c3 ff ff ff ff 0f 1f 80 00 00 00 00 48 ff c3
0x00007ffd37d8be53:   80 3c 0b 00 75 f7 33 f6 c6 44 24 30 01 40 38 35
0x00007ffd37d8be63:   bf 9e 8b 00 74 17 40 38 35 20 05 8b 00 75 0e 33 



---------------  P R O C E S S  ---------------

Threads class SMR info:
_java_thread_list=0x00000256a4054b30, length=0, elements={
}

Java Threads: ( => current thread )

Other Threads:

=>0x00000256a6120800 (exited) JavaThread "Unknown thread" [_thread_in_vm, id=6076, stack(0x000000ce99e00000,0x000000ce99f00000)]

Threads with active compile tasks:

VM state:not at safepoint (not fully initialized)

VM Mutex/Monitor currently owned by a thread: None


[error occurred during error reporting (printing compressed oops mode), id 0xc0000005, EXCEPTION_ACCESS_VIOLATION (0xc0000005) at pc=0x00007ffd3832a157]

Deoptimization events (0 events):
No events

Classes redefined (0 events):
No events

Internal exceptions (0 events):
No events

Events (0 events):
No events


Dynamic libraries:
0x00007ff626380000 - 0x00007ff626390000 	C:\Program Files\Java\jdk-11\bin\java.exe
0x00007ffdd1470000 - 0x00007ffdd1667000 	C:\WINDOWS\SYSTEM32\ntdll.dll
0x00007ffdd0cd0000 - 0x00007ffdd0d8d000 	C:\WINDOWS\System32\KERNEL32.DLL
0x00007ffdcef20000 - 0x00007ffdcf216000 	C:\WINDOWS\System32\KERNELBASE.dll
0x00007ffdceb50000 - 0x00007ffdcec50000 	C:\WINDOWS\System32\ucrtbase.dll
0x00007ffdc6ef0000 - 0x00007ffdc6f0b000 	C:\Program Files\Java\jdk-11\bin\VCRUNTIME140.dll
0x00007ffdc6ed0000 - 0x00007ffdc6ee8000 	C:\Program Files\Java\jdk-11\bin\jli.dll
0x00007ffdd12c0000 - 0x00007ffdd136e000 	C:\WINDOWS\System32\ADVAPI32.dll
0x00007ffdd0b10000 - 0x00007ffdd0bae000 	C:\WINDOWS\System32\msvcrt.dll
0x00007ffdd0ff0000 - 0x00007ffdd108c000 	C:\WINDOWS\System32\sechost.dll
0x00007ffdd0980000 - 0x00007ffdd0aa6000 	C:\WINDOWS\System32\RPCRT4.dll
0x00007ffdd1120000 - 0x00007ffdd12be000 	C:\WINDOWS\System32\USER32.dll
0x00007ffdbde50000 - 0x00007ffdbe0ea000 	C:\WINDOWS\WinSxS\amd64_microsoft.windows.common-controls_6595b64144ccf1df_6.0.19041.3570_none_60bb2a3971f3e41a\COMCTL32.dll
0x00007ffdcf4a0000 - 0x00007ffdcf4c2000 	C:\WINDOWS\System32\win32u.dll
0x00007ffdcf4f0000 - 0x00007ffdcf51c000 	C:\WINDOWS\System32\GDI32.dll
0x00007ffdcf380000 - 0x00007ffdcf49a000 	C:\WINDOWS\System32\gdi32full.dll
0x00007ffdceda0000 - 0x00007ffdcee3d000 	C:\WINDOWS\System32\msvcp_win.dll
0x00007ffdc7950000 - 0x00007ffdc795a000 	C:\WINDOWS\SYSTEM32\VERSION.dll
0x00007ffdd04c0000 - 0x00007ffdd04f0000 	C:\WINDOWS\System32\IMM32.DLL
0x00007ffdc73e0000 - 0x00007ffdc73ec000 	C:\Program Files\Java\jdk-11\bin\vcruntime140_1.dll
0x00007ffd5f9d0000 - 0x00007ffd5fa5e000 	C:\Program Files\Java\jdk-11\bin\msvcp140.dll
0x00007ffd37bb0000 - 0x00007ffd38718000 	C:\Program Files\Java\jdk-11\bin\server\jvm.dll
0x00007ffdcf530000 - 0x00007ffdcf538000 	C:\WINDOWS\System32\PSAPI.DLL
0x00007ffdc44d0000 - 0x00007ffdc44f7000 	C:\WINDOWS\SYSTEM32\WINMM.dll
0x00007ffdc79e0000 - 0x00007ffdc79e9000 	C:\WINDOWS\SYSTEM32\WSOCK32.dll
0x00007ffdd0e40000 - 0x00007ffdd0eab000 	C:\WINDOWS\System32\WS2_32.dll
0x00007ffdcd380000 - 0x00007ffdcd392000 	C:\WINDOWS\SYSTEM32\kernel.appcore.dll
0x00007ffdafbf0000 - 0x00007ffdafc00000 	C:\Program Files\Java\jdk-11\bin\verify.dll
0x00007ffdccf50000 - 0x00007ffdcd134000 	C:\WINDOWS\SYSTEM32\DBGHELP.DLL
0x00007ffdb9650000 - 0x00007ffdb9684000 	C:\WINDOWS\SYSTEM32\dbgcore.DLL
0x00007ffdcee90000 - 0x00007ffdcef12000 	C:\WINDOWS\System32\bcryptPrimitives.dll
0x00007ffd6bfd0000 - 0x00007ffd6bff8000 	C:\Program Files\Java\jdk-11\bin\java.dll
0x00007ffdafbe0000 - 0x00007ffdafbea000 	C:\Program Files\Java\jdk-11\bin\jimage.dll
0x00007ffdae290000 - 0x00007ffdae2a7000 	C:\Program Files\Java\jdk-11\bin\zip.dll

dbghelp: loaded successfully - version: 4.0.5 - missing functions: none
symbol engine: initialized successfully - sym options: 0x614 - pdb path: .;C:\Program Files\Java\jdk-11\bin;C:\WINDOWS\SYSTEM32;C:\WINDOWS\WinSxS\amd64_microsoft.windows.common-controls_6595b64144ccf1df_6.0.19041.3570_none_60bb2a3971f3e41a;C:\Program Files\Java\jdk-11\bin\server

VM Arguments:
jvm_args: -Dfile.encoding=UTF-8 -Dcom.android.sdklib.toolsdir=C:\Users\user\AppData\Local\Android\Sdk\cmdline-tools\6.0\bin\\.. 
java_command: com.android.sdklib.tool.sdkmanager.SdkManagerCli --list
java_class_path (initial): C:\Users\user\AppData\Local\Android\Sdk\cmdline-tools\6.0\bin\..\lib\sdkmanager-classpath.jar
Launcher Type: SUN_STANDARD

[Global flags]
     uint G1ConcRefinementThreads                  = 10                                        {product} {ergonomic}
    uintx GCDrainStackTargetSize                   = 64                                        {product} {ergonomic}
   size_t InitialHeapSize                          = 257336256                                 {product} {ergonomic}
   size_t MaxHeapSize                              = 4117380096                                {product} {ergonomic}
    uintx ReservedCodeCacheSize                    = 251658240                              {pd product} {ergonomic}
     bool SegmentedCodeCache                       = true                                      {product} {ergonomic}
     bool UseCompressedClassPointers               = true                                 {lp64_product} {ergonomic}
     bool UseCompressedOops                        = true                                 {lp64_product} {ergonomic}
     bool UseG1GC                                  = true                                      {product} {ergonomic}
     bool UseLargePagesIndividualAllocation        = false                                  {pd product} {ergonomic}

Logging:
Log output configuration:
 #0: stdout all=warning uptime,level,tags
 #1: stderr all=off uptime,level,tags

Environment Variables:
JAVA_HOME=C:\Program Files\Java\jdk-11
JAVA_TOOL_OPTIONS=-Dfile.encoding=UTF-8
CLASSPATH=C:\Users\user\AppData\Local\Android\Sdk\cmdline-tools\6.0\bin\..\lib\sdkmanager-classpath.jar
PATH=C:\Program Files\Common Files\Oracle\Java\javapath;C:\Program Files (x86)\Common Files\Oracle\Java\javapath;C:\ProgramData\Oracle\Java\javapath;C:\Windows\system32;C:\Windows;C:\Windows\System32\Wbem;C:\Windows\System32\WindowsPowerShell\v1.0\;C:\Windows\System32\OpenSSH\;C:\Program Files (x86)\NVIDIA Corporation\PhysX\Common;C:\Program Files\NVIDIA Corporation\NVIDIA NvDLISR;C:\Program Files\dotnet\;C:\WINDOWS\system32;C:\WINDOWS;C:\WINDOWS\System32\Wbem;C:\WINDOWS\System32\WindowsPowerShell\v1.0\;C:\WINDOWS\System32\OpenSSH\;C:\Program Files\Git\cmd;C:\Program Files\TortoiseGit\bin;C:\Program Files\Java\jdk-11\bin;C:\Users\user\AppData\Local\Programs\Python\Python311\Scripts\;C:\Users\user\AppData\Local\Programs\Python\Python311\;C:\Users\user\AppData\Local\Microsoft\WindowsApps;C:\Program Files\JetBrains\PyCharm Community Edition 2022.2.3\bin;;C:\Users\user\.dotnet\tools;C:\Program Files\Java\jdk-11\bin;
USERNAME=user
OS=Windows_NT
PROCESSOR_IDENTIFIER=AMD64 Family 23 Model 104 Stepping 1, AuthenticAMD



---------------  S Y S T E M  ---------------

OS: Windows 10 , 64 bit Build 19041 (10.0.19041.3570)

CPU:total 12 (initial active 12) 

Memory: 4k page, system-wide physical 15706M (7068M free)
TotalPageFile size 24410M (AvailPageFile size 11868M)
current process WorkingSet (physical memory assigned to process): 8M, peak: 8M
current process commit charge ("private bytes"): 3M, peak: 3M

vm_info: Java HotSpot(TM) 64-Bit Server VM (11.0.18+9-LTS-195) for windows-amd64 JRE (11.0.18+9-LTS-195), built on Dec  6 2022 15:50:58 by "mach5one" with MS VC++ 17.1 (VS2022)

END.
